Options used:
   --mesh ./data/part.msh
   --order 2
   --refine-parallel 0
   --name Heatsim_1_0
   --processeurs 1
Number of Elements before refinement: 14008
Number of Elements after refinement: 14008
Number of finite element unknowns: 22706


 Num MPI tasks = 1

 Num OpenMP threads = 1


BoomerAMG SETUP PARAMETERS:

 Max levels = 25
 Num levels = 5

 Strength Threshold = 0.250000
 Interpolation Truncation Factor = 0.000000
 Maximum Row Sum Threshold for Dependency Weakening = 0.900000

 Coarsening Type = HMIS 

 No. of levels of aggressive coarsening: 1

 Interpolation on agg. levels= multipass interpolation
 measures are determined locally


 No global partition option chosen.

 Interpolation = extended+i interpolation

Operator Matrix Information:

             nonzero            entries/row          row sums
lev    rows  entries sparse   min  max     avg      min         max
======================================================================
  0   22706   583676  0.001    10  147    25.7  -2.787e-01   1.000e+00
  1     700    18574  0.038     7   67    26.5  -9.942e-03   6.908e-01
  2     167     6857  0.246    15   79    41.1   1.549e-06   1.113e+00
  3      29      761  0.905    19   29    26.2   6.253e-02   2.113e+00
  4       4       16  1.000     4    4     4.0   2.855e-01   4.143e+00


Interpolation Matrix Information:
                    entries/row        min        max            row sums
lev  rows x cols  min  max  avgW     weight      weight       min         max
================================================================================
  0 22706 x 700     0   12   1.2   1.745e-03   1.692e+00   0.000e+00   1.692e+00
  1   700 x 167     1    4   3.9   3.584e-03   8.944e-01   4.820e-01   1.011e+00
  2   167 x 29      1    4   3.9   1.100e-02   8.071e-01   2.436e-01   1.000e+00
  3    29 x 4       0    3   1.4   9.502e-03   8.448e-01   0.000e+00   1.000e+00


     Complexity:    grid = 1.039637
                operator = 1.044902
                memory = 1.097244




BoomerAMG SOLVER PARAMETERS:

  Maximum number of cycles:         1 
  Stopping Tolerance:               0.000000e+00 
  Cycle type (1 = V, 2 = W, etc.):  1

  Relaxation Parameters:
   Visiting Grid:                     down   up  coarse
            Number of sweeps:            1    1     1 
   Type 0=Jac, 3=hGS, 6=hSGS, 9=GE:      8    8     9 
   Point types, partial sweeps (1=C, -1=F):
                  Pre-CG relaxation (down):   0
                   Post-CG relaxation (up):   0
                             Coarsest grid:   0

   Iteration :   0  (B r, r) = 0.0565307
   Iteration :   1  (B r, r) = 0.0170587
   Iteration :   2  (B r, r) = 0.00136584
   Iteration :   3  (B r, r) = 0.000116875
   Iteration :   4  (B r, r) = 1.10031e-05
   Iteration :   5  (B r, r) = 1.06553e-06
   Iteration :   6  (B r, r) = 1.086e-07
   Iteration :   7  (B r, r) = 1.15734e-08
   Iteration :   8  (B r, r) = 1.10259e-09
   Iteration :   9  (B r, r) = 9.82152e-11
   Iteration :  10  (B r, r) = 1.01857e-11
   Iteration :  11  (B r, r) = 1.2228e-12
   Iteration :  12  (B r, r) = 1.21033e-13
   Iteration :  13  (B r, r) = 1.15563e-14
   Iteration :  14  (B r, r) = 1.12313e-15
   Iteration :  15  (B r, r) = 1.06367e-16
   Iteration :  16  (B r, r) = 1.02959e-17
   Iteration :  17  (B r, r) = 8.77213e-19
   Iteration :  18  (B r, r) = 7.72069e-20
   Iteration :  19  (B r, r) = 8.27266e-21
   Iteration :  20  (B r, r) = 9.05637e-22
   Iteration :  21  (B r, r) = 9.1284e-23
   Iteration :  22  (B r, r) = 8.31545e-24
   Iteration :  23  (B r, r) = 6.88853e-25
   Iteration :  24  (B r, r) = 5.83744e-26
   Iteration :  25  (B r, r) = 5.2245e-27
Average reduction factor = 0.31573
