Options used:
   --mesh ./data/part.msh
   --order 2
   --refine-parallel 3
   --name Heatsim_32_3
   --processeurs 32
Number of Elements before refinement: 14008
Number of Elements after refinement: 225280
Number of finite element unknowns: 9823399
slurmstepd: error: Detected 1 oom-kill event(s) in StepId=6598.0. Some of your processes may have been killed by the cgroup out-of-memory handler.
slurmstepd: error: Detected 1 oom-kill event(s) in StepId=6598.0. Some of your processes may have been killed by the cgroup out-of-memory handler.
slurmstepd: error: Detected 1 oom-kill event(s) in StepId=6598.0. Some of your processes may have been killed by the cgroup out-of-memory handler.
srun: error: nodepoolgpu12: task 30: Out Of Memory
slurmstepd: error: Detected 1 oom-kill event(s) in StepId=6598.0. Some of your processes may have been killed by the cgroup out-of-memory handler.
slurmstepd: error: Detected 1 oom-kill event(s) in StepId=6598.0. Some of your processes may have been killed by the cgroup out-of-memory handler.
slurmstepd: error: Detected 2 oom-kill event(s) in StepId=6598.0. Some of your processes may have been killed by the cgroup out-of-memory handler.
slurmstepd: error: Detected 30 oom-kill event(s) in StepId=6598.0. Some of your processes may have been killed by the cgroup out-of-memory handler.
srun: Job step aborted: Waiting up to 32 seconds for job step to finish.
slurmstepd: error: *** JOB 6598 ON node1 CANCELLED AT 2023-12-09T08:25:49 DUE TO TIME LIMIT ***
slurmstepd: error: *** STEP 6598.0 ON node1 CANCELLED AT 2023-12-09T08:25:49 DUE TO TIME LIMIT ***
