Options used:
   --mesh ../data/part.msh
   --order 2
   --refine-parallel 1
   --name Heatsim_1_1
   --processeurs 1
srun: Job step aborted: Waiting up to 32 seconds for job step to finish.
srun: error: node1: task 0: Killed
Options used:
   --mesh ../data/part.msh
   --order 2
   --refine-parallel 2
   --name Heatsim_1_2
   --processeurs 1
srun: Job step aborted: Waiting up to 32 seconds for job step to finish.
srun: error: node1: task 0: Killed
Options used:
   --mesh ../data/part.msh
   --order 2
   --refine-parallel 3
   --name Heatsim_1_3
   --processeurs 1
srun: Job step aborted: Waiting up to 32 seconds for job step to finish.
srun: error: node1: task 0: Killed
Options used:
   --mesh ../data/part.msh
   --order 2
   --refine-parallel 4
   --name Heatsim_1_4
   --processeurs 1
srun: Job step aborted: Waiting up to 32 seconds for job step to finish.
srun: error: node1: task 0: Killed
srun: error: Unable to create step for job 2794: More processors requested than permitted
srun: error: Unable to create step for job 2794: More processors requested than permitted
srun: error: Unable to create step for job 2794: More processors requested than permitted
srun: error: Unable to create step for job 2794: More processors requested than permitted
srun: error: Unable to create step for job 2794: More processors requested than permitted
srun: error: Unable to create step for job 2794: More processors requested than permitted
srun: error: Unable to create step for job 2794: More processors requested than permitted
srun: error: Unable to create step for job 2794: More processors requested than permitted
srun: error: Unable to create step for job 2794: More processors requested than permitted
srun: error: Unable to create step for job 2794: More processors requested than permitted
srun: error: Unable to create step for job 2794: More processors requested than permitted
srun: error: Unable to create step for job 2794: More processors requested than permitted
srun: error: Unable to create step for job 2794: More processors requested than permitted
srun: error: Unable to create step for job 2794: More processors requested than permitted
srun: error: Unable to create step for job 2794: More processors requested than permitted
srun: error: Unable to create step for job 2794: More processors requested than permitted
srun: error: Unable to create step for job 2794: More processors requested than permitted
srun: error: Unable to create step for job 2794: More processors requested than permitted
srun: error: Unable to create step for job 2794: More processors requested than permitted
srun: error: Unable to create step for job 2794: More processors requested than permitted
srun: error: Unable to create step for job 2794: More processors requested than permitted
srun: error: Unable to create step for job 2794: More processors requested than permitted
srun: error: Unable to create step for job 2794: More processors requested than permitted
srun: error: Unable to create step for job 2794: More processors requested than permitted
