Options used:
   --mesh ./data/part.msh
   --order 2
   --refine-parallel 0
   --name Heatsim_2_0
   --processeurs 2
Number of Elements before refinement: 14008
Number of Elements after refinement: 7020
Number of finite element unknowns: 22706


 Num MPI tasks = 2

 Num OpenMP threads = 1


BoomerAMG SETUP PARAMETERS:

 Max levels = 25
 Num levels = 5

 Strength Threshold = 0.250000
 Interpolation Truncation Factor = 0.000000
 Maximum Row Sum Threshold for Dependency Weakening = 0.900000

 Coarsening Type = HMIS 

 No. of levels of aggressive coarsening: 1

 Interpolation on agg. levels= multipass interpolation
 measures are determined locally


 No global partition option chosen.

 Interpolation = extended+i interpolation

Operator Matrix Information:

             nonzero            entries/row          row sums
lev    rows  entries sparse   min  max     avg      min         max
======================================================================
  0   22706   583676  0.001    10  147    25.7  -2.787e-01   1.000e+00
  1     703    18967  0.038     7   59    27.0  -8.713e-03   6.219e-01
  2     163     6729  0.253    13   80    41.3  -1.375e-06   9.666e-01
  3      21      427  0.968    18   21    20.3   1.241e-01   1.972e+00
  4       3        9  1.000     3    3     3.0   1.173e+00   3.533e+00


Interpolation Matrix Information:
                    entries/row        min        max            row sums
lev  rows x cols  min  max  avgW     weight      weight       min         max
================================================================================
  0 22706 x 703     0   10   1.2   4.036e-03   1.692e+00   0.000e+00   1.692e+00
  1   703 x 163     1    4   3.8   1.096e-02   1.001e+00   3.918e-01   1.011e+00
  2   163 x 21      1    4   3.6   5.442e-03   8.997e-01   2.447e-01   1.000e+00
  3    21 x 3       1    3   1.6   1.788e-03   6.876e-01   1.046e-01   1.000e+00


     Complexity:    grid = 1.039197
                operator = 1.044771
                memory = 1.097405




BoomerAMG SOLVER PARAMETERS:

  Maximum number of cycles:         1 
  Stopping Tolerance:               0.000000e+00 
  Cycle type (1 = V, 2 = W, etc.):  1

  Relaxation Parameters:
   Visiting Grid:                     down   up  coarse
            Number of sweeps:            1    1     1 
   Type 0=Jac, 3=hGS, 6=hSGS, 9=GE:      8    8     9 
   Point types, partial sweeps (1=C, -1=F):
                  Pre-CG relaxation (down):   0
                   Post-CG relaxation (up):   0
                             Coarsest grid:   0

   Iteration :   0  (B r, r) = 0.0545171
   Iteration :   1  (B r, r) = 0.0177676
   Iteration :   2  (B r, r) = 0.00150059
   Iteration :   3  (B r, r) = 0.000140057
   Iteration :   4  (B r, r) = 1.46965e-05
   Iteration :   5  (B r, r) = 1.80072e-06
   Iteration :   6  (B r, r) = 2.40249e-07
   Iteration :   7  (B r, r) = 2.81222e-08
   Iteration :   8  (B r, r) = 2.58454e-09
   Iteration :   9  (B r, r) = 2.0708e-10
   Iteration :  10  (B r, r) = 1.85116e-11
   Iteration :  11  (B r, r) = 1.91076e-12
   Iteration :  12  (B r, r) = 1.89927e-13
   Iteration :  13  (B r, r) = 1.76518e-14
   Iteration :  14  (B r, r) = 1.68489e-15
   Iteration :  15  (B r, r) = 1.60841e-16
   Iteration :  16  (B r, r) = 1.77774e-17
   Iteration :  17  (B r, r) = 2.41977e-18
   Iteration :  18  (B r, r) = 3.00327e-19
   Iteration :  19  (B r, r) = 3.34415e-20
   Iteration :  20  (B r, r) = 3.34158e-21
   Iteration :  21  (B r, r) = 3.54109e-22
   Iteration :  22  (B r, r) = 3.67534e-23
   Iteration :  23  (B r, r) = 3.60896e-24
   Iteration :  24  (B r, r) = 3.88662e-25
   Iteration :  25  (B r, r) = 4.22417e-26
Average reduction factor = 0.329446
