Options used:
   --mesh ./data/part.msh
   --order 2
   --refine-parallel 1
   --name Rapport/Heatsim_16_1
   --processeurs 16
Number of Elements before refinement: 14008
Number of Elements after refinement: 6880
Number of finite element unknowns: 165633


 Num MPI tasks = 16

 Num OpenMP threads = 1


BoomerAMG SETUP PARAMETERS:

 Max levels = 25
 Num levels = 6

 Strength Threshold = 0.250000
 Interpolation Truncation Factor = 0.000000
 Maximum Row Sum Threshold for Dependency Weakening = 0.900000

 Coarsening Type = HMIS 

 No. of levels of aggressive coarsening: 1

 Interpolation on agg. levels= multipass interpolation
 measures are determined locally


 No global partition option chosen.

 Interpolation = extended+i interpolation

Operator Matrix Information:

             nonzero            entries/row          row sums
lev    rows  entries sparse   min  max     avg      min         max
======================================================================
  0  165633  4482987  0.000    10  147    27.1  -4.162e-02   1.000e+00
  1    5426   167824  0.006     7   66    30.9  -8.714e-03   3.422e-01
  2    1194    63412  0.044    14  128    53.1  -1.137e-04   5.069e-01
  3     184     9900  0.292    17  112    53.8   1.192e-04   1.289e+00
  4      22      458  0.946    15   22    20.8   1.748e-01   2.984e+00
  5       1        1  1.000     1    1     1.0   2.365e+00   2.365e+00


Interpolation Matrix Information:
                      entries/row        min        max            row sums
lev   rows x cols   min  max  avgW     weight      weight       min         max
==================================================================================
  0 165633 x 5426     0   12   1.5   1.279e-03   1.254e+00   0.000e+00   1.254e+00
  1   5426 x 1194     1    4   3.9   2.207e-03   1.000e+00   5.713e-01   1.022e+00
  2   1194 x 184      1    4   3.9   9.344e-03   8.910e-01   3.343e-01   1.000e+00
  3    184 x 22       1    4   3.9   5.193e-03   4.991e-01   1.129e-01   1.000e+00
  4     22 x 1        0    1   0.6   6.186e-02   2.833e-01   0.000e+00   1.000e+00


     Complexity:    grid = 1.041218
                operator = 1.053892
                memory = 1.113286




BoomerAMG SOLVER PARAMETERS:

  Maximum number of cycles:         1 
  Stopping Tolerance:               0.000000e+00 
  Cycle type (1 = V, 2 = W, etc.):  1

  Relaxation Parameters:
   Visiting Grid:                     down   up  coarse
            Number of sweeps:            1    1     1 
   Type 0=Jac, 3=hGS, 6=hSGS, 9=GE:      8    8     9 
   Point types, partial sweeps (1=C, -1=F):
                  Pre-CG relaxation (down):   0
                   Post-CG relaxation (up):   0
                             Coarsest grid:   0

   Iteration :   0  (B r, r) = 0.0440811
   Iteration :   1  (B r, r) = 0.0193802
   Iteration :   2  (B r, r) = 0.00176912
   Iteration :   3  (B r, r) = 0.000214264
   Iteration :   4  (B r, r) = 3.18148e-05
   Iteration :   5  (B r, r) = 4.51363e-06
   Iteration :   6  (B r, r) = 7.81444e-07
   Iteration :   7  (B r, r) = 1.4982e-07
   Iteration :   8  (B r, r) = 2.93091e-08
   Iteration :   9  (B r, r) = 5.72725e-09
   Iteration :  10  (B r, r) = 1.03484e-09
   Iteration :  11  (B r, r) = 1.78579e-10
   Iteration :  12  (B r, r) = 3.09419e-11
   Iteration :  13  (B r, r) = 5.80802e-12
   Iteration :  14  (B r, r) = 1.1019e-12
   Iteration :  15  (B r, r) = 2.12387e-13
   Iteration :  16  (B r, r) = 3.79581e-14
   Iteration :  17  (B r, r) = 6.77211e-15
   Iteration :  18  (B r, r) = 1.2182e-15
   Iteration :  19  (B r, r) = 2.21613e-16
   Iteration :  20  (B r, r) = 4.10559e-17
   Iteration :  21  (B r, r) = 7.94834e-18
   Iteration :  22  (B r, r) = 1.53643e-18
   Iteration :  23  (B r, r) = 2.94417e-19
   Iteration :  24  (B r, r) = 5.28888e-20
   Iteration :  25  (B r, r) = 8.92317e-21
   Iteration :  26  (B r, r) = 1.59047e-21
   Iteration :  27  (B r, r) = 2.95009e-22
   Iteration :  28  (B r, r) = 5.74755e-23
   Iteration :  29  (B r, r) = 1.07851e-23
   Iteration :  30  (B r, r) = 1.76251e-24
   Iteration :  31  (B r, r) = 2.85234e-25
   Iteration :  32  (B r, r) = 5.11934e-26
   Iteration :  33  (B r, r) = 8.83098e-27
Average reduction factor = 0.422459
