Options used:
   --mesh ./data/part.msh
   --order 2
   --refine-parallel 2
   --name Rapport/Heatsim_1_2
   --processeurs 1
Number of Elements before refinement: 14008
Number of Elements after refinement: 896512
Number of finite element unknowns: 1260403


 Num MPI tasks = 1

 Num OpenMP threads = 1


BoomerAMG SETUP PARAMETERS:

 Max levels = 25
 Num levels = 6

 Strength Threshold = 0.250000
 Interpolation Truncation Factor = 0.000000
 Maximum Row Sum Threshold for Dependency Weakening = 0.900000

 Coarsening Type = HMIS 

 No. of levels of aggressive coarsening: 1

 Interpolation on agg. levels= multipass interpolation
 measures are determined locally


 No global partition option chosen.

 Interpolation = extended+i interpolation

Operator Matrix Information:

             nonzero            entries/row          row sums
lev    rows  entries sparse   min  max     avg      min         max
======================================================================
  0 1260403 35115871  0.000    10  147    27.9  -2.081e-02   1.000e+00
  1   42783  1499139  0.001     8   87    35.0  -1.015e-02   1.220e-01
  2    9328   603062  0.007    16  140    64.7  -1.399e-04   2.188e-01
  3    1337    93645  0.052    15  156    70.0  -4.670e-08   6.607e-01
  4     184    10200  0.301    17  120    55.4   9.753e-03   1.430e+00
  5      25      549  0.878    10   25    22.0   1.377e-01   4.084e+00


Interpolation Matrix Information:
                        entries/row        min        max            row sums
lev    rows x cols    min  max  avgW     weight      weight       min         max
====================================================================================
  0 1260403 x 42783     0   14   1.7   1.326e-03   1.250e+00   0.000e+00   1.250e+00
  1   42783 x 9328      1    4   4.0   7.968e-03   1.000e+00   5.324e-01   1.022e+00
  2    9328 x 1337      1    4   4.0   5.389e-03   9.350e-01   3.318e-01   1.001e+00
  3    1337 x 184       1    4   4.0   7.099e-03   9.462e-01   2.147e-01   1.000e+00
  4     184 x 25        0    4   3.6   3.490e-03   4.896e-01   0.000e+00   1.000e+00


     Complexity:    grid = 1.042571
                operator = 1.062838
                memory = 1.126881




BoomerAMG SOLVER PARAMETERS:

  Maximum number of cycles:         1 
  Stopping Tolerance:               0.000000e+00 
  Cycle type (1 = V, 2 = W, etc.):  1

  Relaxation Parameters:
   Visiting Grid:                     down   up  coarse
            Number of sweeps:            1    1     1 
   Type 0=Jac, 3=hGS, 6=hSGS, 9=GE:      8    8     8 
   Point types, partial sweeps (1=C, -1=F):
                  Pre-CG relaxation (down):   0
                   Post-CG relaxation (up):   0
                             Coarsest grid:   0

   Iteration :   0  (B r, r) = 0.0404608
   Iteration :   1  (B r, r) = 0.0174302
   Iteration :   2  (B r, r) = 0.00121147
   Iteration :   3  (B r, r) = 0.00016185
   Iteration :   4  (B r, r) = 2.92629e-05
   Iteration :   5  (B r, r) = 6.26444e-06
   Iteration :   6  (B r, r) = 1.6961e-06
   Iteration :   7  (B r, r) = 5.36552e-07
   Iteration :   8  (B r, r) = 1.61685e-07
   Iteration :   9  (B r, r) = 4.76851e-08
   Iteration :  10  (B r, r) = 1.53247e-08
   Iteration :  11  (B r, r) = 5.04846e-09
   Iteration :  12  (B r, r) = 1.48058e-09
   Iteration :  13  (B r, r) = 3.74127e-10
   Iteration :  14  (B r, r) = 8.80497e-11
   Iteration :  15  (B r, r) = 2.03402e-11
   Iteration :  16  (B r, r) = 4.83071e-12
   Iteration :  17  (B r, r) = 1.19495e-12
   Iteration :  18  (B r, r) = 3.02526e-13
   Iteration :  19  (B r, r) = 7.65841e-14
   Iteration :  20  (B r, r) = 1.94842e-14
   Iteration :  21  (B r, r) = 5.49607e-15
   Iteration :  22  (B r, r) = 1.69266e-15
   Iteration :  23  (B r, r) = 4.72787e-16
   Iteration :  24  (B r, r) = 1.15396e-16
   Iteration :  25  (B r, r) = 2.68392e-17
   Iteration :  26  (B r, r) = 6.17403e-18
   Iteration :  27  (B r, r) = 1.46012e-18
   Iteration :  28  (B r, r) = 3.58952e-19
   Iteration :  29  (B r, r) = 8.90154e-20
   Iteration :  30  (B r, r) = 2.39731e-20
   Iteration :  31  (B r, r) = 7.01117e-21
   Iteration :  32  (B r, r) = 1.92178e-21
   Iteration :  33  (B r, r) = 4.47652e-22
   Iteration :  34  (B r, r) = 9.72135e-23
   Iteration :  35  (B r, r) = 2.3262e-23
   Iteration :  36  (B r, r) = 6.21754e-24
   Iteration :  37  (B r, r) = 1.68236e-24
   Iteration :  38  (B r, r) = 4.37399e-25
   Iteration :  39  (B r, r) = 1.11358e-25
   Iteration :  40  (B r, r) = 2.84643e-26
Average reduction factor = 0.498989
