Options used:
   --mesh ./data/part.msh
   --order 2
   --refine-parallel 1
   --name Rapport/Heatsim_4_1
   --processeurs 4
Number of Elements before refinement: 14008
Number of Elements after refinement: 28272
Number of finite element unknowns: 165633


 Num MPI tasks = 4

 Num OpenMP threads = 1


BoomerAMG SETUP PARAMETERS:

 Max levels = 25
 Num levels = 6

 Strength Threshold = 0.250000
 Interpolation Truncation Factor = 0.000000
 Maximum Row Sum Threshold for Dependency Weakening = 0.900000

 Coarsening Type = HMIS 

 No. of levels of aggressive coarsening: 1

 Interpolation on agg. levels= multipass interpolation
 measures are determined locally


 No global partition option chosen.

 Interpolation = extended+i interpolation

Operator Matrix Information:

             nonzero            entries/row          row sums
lev    rows  entries sparse   min  max     avg      min         max
======================================================================
  0  165633  4482987  0.000    10  147    27.1  -4.162e-02   1.000e+00
  1    5375   166235  0.006     6   67    30.9  -8.565e-03   2.536e-01
  2    1188    63376  0.045    12  124    53.3  -4.599e-05   4.712e-01
  3     185     9861  0.288    20  104    53.3   9.692e-08   1.126e+00
  4      30      786  0.873    13   30    26.2   1.258e-01   2.574e+00
  5       4       16  1.000     4    4     4.0   2.750e-01   2.341e+00


Interpolation Matrix Information:
                      entries/row        min        max            row sums
lev   rows x cols   min  max  avgW     weight      weight       min         max
==================================================================================
  0 165633 x 5375     0   13   1.5   1.616e-03   1.238e+00   0.000e+00   1.238e+00
  1   5375 x 1188     1    4   3.9   1.392e-02   1.000e+00   5.286e-01   1.028e+00
  2   1188 x 185      1    4   3.9   8.723e-03   1.000e+00   3.515e-01   1.000e+00
  3    185 x 30       1    4   4.0   9.139e-03   7.176e-01   1.093e-01   1.000e+00
  4     30 x 4        0    4   2.1  -3.280e-02   2.690e-01   0.000e+00   1.000e+00


     Complexity:    grid = 1.040946
                operator = 1.053597
                memory = 1.112807




BoomerAMG SOLVER PARAMETERS:

  Maximum number of cycles:         1 
  Stopping Tolerance:               0.000000e+00 
  Cycle type (1 = V, 2 = W, etc.):  1

  Relaxation Parameters:
   Visiting Grid:                     down   up  coarse
            Number of sweeps:            1    1     1 
   Type 0=Jac, 3=hGS, 6=hSGS, 9=GE:      8    8     9 
   Point types, partial sweeps (1=C, -1=F):
                  Pre-CG relaxation (down):   0
                   Post-CG relaxation (up):   0
                             Coarsest grid:   0

   Iteration :   0  (B r, r) = 0.0441624
   Iteration :   1  (B r, r) = 0.0191114
   Iteration :   2  (B r, r) = 0.00151939
   Iteration :   3  (B r, r) = 0.000171395
   Iteration :   4  (B r, r) = 2.27324e-05
   Iteration :   5  (B r, r) = 2.96654e-06
   Iteration :   6  (B r, r) = 4.7858e-07
   Iteration :   7  (B r, r) = 8.50505e-08
   Iteration :   8  (B r, r) = 1.60999e-08
   Iteration :   9  (B r, r) = 2.94283e-09
   Iteration :  10  (B r, r) = 4.74609e-10
   Iteration :  11  (B r, r) = 7.08766e-11
   Iteration :  12  (B r, r) = 1.03454e-11
   Iteration :  13  (B r, r) = 1.53817e-12
   Iteration :  14  (B r, r) = 2.41962e-13
   Iteration :  15  (B r, r) = 3.84201e-14
   Iteration :  16  (B r, r) = 6.09206e-15
   Iteration :  17  (B r, r) = 1.19812e-15
   Iteration :  18  (B r, r) = 2.61339e-16
   Iteration :  19  (B r, r) = 5.08976e-17
   Iteration :  20  (B r, r) = 8.82062e-18
   Iteration :  21  (B r, r) = 1.40811e-18
   Iteration :  22  (B r, r) = 2.0709e-19
   Iteration :  23  (B r, r) = 3.02584e-20
   Iteration :  24  (B r, r) = 5.10403e-21
   Iteration :  25  (B r, r) = 9.23903e-22
   Iteration :  26  (B r, r) = 1.50256e-22
   Iteration :  27  (B r, r) = 2.29762e-23
   Iteration :  28  (B r, r) = 3.51301e-24
   Iteration :  29  (B r, r) = 5.31982e-25
   Iteration :  30  (B r, r) = 9.27249e-26
   Iteration :  31  (B r, r) = 1.78059e-26
Average reduction factor = 0.404148
