Options used:
   --mesh ./data/part.msh
   --order 2
   --refine-parallel 1
   --name Rapport/Heatsim_1_1
   --processeurs 1
Number of Elements before refinement: 14008
Number of Elements after refinement: 112064
Number of finite element unknowns: 165633


 Num MPI tasks = 1

 Num OpenMP threads = 1


BoomerAMG SETUP PARAMETERS:

 Max levels = 25
 Num levels = 6

 Strength Threshold = 0.250000
 Interpolation Truncation Factor = 0.000000
 Maximum Row Sum Threshold for Dependency Weakening = 0.900000

 Coarsening Type = HMIS 

 No. of levels of aggressive coarsening: 1

 Interpolation on agg. levels= multipass interpolation
 measures are determined locally


 No global partition option chosen.

 Interpolation = extended+i interpolation

Operator Matrix Information:

             nonzero            entries/row          row sums
lev    rows  entries sparse   min  max     avg      min         max
======================================================================
  0  165633  4482987  0.000    10  147    27.1  -4.162e-02   1.000e+00
  1    5377   165833  0.006     7   65    30.8  -5.613e-03   2.502e-01
  2    1187    62603  0.044    10  118    52.7  -3.447e-05   5.659e-01
  3     183     9851  0.294    15  100    53.8   7.972e-06   9.251e-01
  4      26      622  0.920    16   26    23.9   1.592e-01   3.317e+00
  5       4       16  1.000     4    4     4.0   4.411e-01   1.751e+00


Interpolation Matrix Information:
                      entries/row        min        max            row sums
lev   rows x cols   min  max  avgW     weight      weight       min         max
==================================================================================
  0 165633 x 5377     0   12   1.5   2.271e-03   1.254e+00   0.000e+00   1.254e+00
  1   5377 x 1187     1    4   3.9   1.152e-02   9.888e-01   5.560e-01   1.021e+00
  2   1187 x 183      1    4   4.0   9.388e-03   8.408e-01   3.421e-01   1.000e+00
  3    183 x 26       1    4   4.0   8.978e-03   6.599e-01   1.408e-01   1.000e+00
  4     26 x 4        0    3   0.8   3.767e-03   9.899e-02   0.000e+00   1.000e+00


     Complexity:    grid = 1.040916
                operator = 1.053296
                memory = 1.112497




BoomerAMG SOLVER PARAMETERS:

  Maximum number of cycles:         1 
  Stopping Tolerance:               0.000000e+00 
  Cycle type (1 = V, 2 = W, etc.):  1

  Relaxation Parameters:
   Visiting Grid:                     down   up  coarse
            Number of sweeps:            1    1     1 
   Type 0=Jac, 3=hGS, 6=hSGS, 9=GE:      8    8     9 
   Point types, partial sweeps (1=C, -1=F):
                  Pre-CG relaxation (down):   0
                   Post-CG relaxation (up):   0
                             Coarsest grid:   0

   Iteration :   0  (B r, r) = 0.0459102
   Iteration :   1  (B r, r) = 0.0187664
   Iteration :   2  (B r, r) = 0.0015178
   Iteration :   3  (B r, r) = 0.000173631
   Iteration :   4  (B r, r) = 2.33079e-05
   Iteration :   5  (B r, r) = 3.10421e-06
   Iteration :   6  (B r, r) = 5.89611e-07
   Iteration :   7  (B r, r) = 1.5307e-07
   Iteration :   8  (B r, r) = 4.07596e-08
   Iteration :   9  (B r, r) = 8.40172e-09
   Iteration :  10  (B r, r) = 1.45894e-09
   Iteration :  11  (B r, r) = 2.47548e-10
   Iteration :  12  (B r, r) = 4.1591e-11
   Iteration :  13  (B r, r) = 7.62145e-12
   Iteration :  14  (B r, r) = 1.30354e-12
   Iteration :  15  (B r, r) = 1.94972e-13
   Iteration :  16  (B r, r) = 2.7309e-14
   Iteration :  17  (B r, r) = 4.13404e-15
   Iteration :  18  (B r, r) = 5.82729e-16
   Iteration :  19  (B r, r) = 7.5756e-17
   Iteration :  20  (B r, r) = 1.03078e-17
   Iteration :  21  (B r, r) = 1.7235e-18
   Iteration :  22  (B r, r) = 3.1558e-19
   Iteration :  23  (B r, r) = 6.33734e-20
   Iteration :  24  (B r, r) = 1.26169e-20
   Iteration :  25  (B r, r) = 2.27845e-21
   Iteration :  26  (B r, r) = 3.53653e-22
   Iteration :  27  (B r, r) = 4.91495e-23
   Iteration :  28  (B r, r) = 7.47558e-24
   Iteration :  29  (B r, r) = 1.45238e-24
   Iteration :  30  (B r, r) = 3.15662e-25
   Iteration :  31  (B r, r) = 6.23829e-26
   Iteration :  32  (B r, r) = 1.04689e-26
Average reduction factor = 0.412068
