Options used:
   --mesh ./data/part.msh
   --order 2
   --refine-parallel 2
   --name Rapport/Heatsim_16_2
   --processeurs 16
Number of Elements before refinement: 14008
Number of Elements after refinement: 55040
Number of finite element unknowns: 1260403


 Num MPI tasks = 16

 Num OpenMP threads = 1


BoomerAMG SETUP PARAMETERS:

 Max levels = 25
 Num levels = 7

 Strength Threshold = 0.250000
 Interpolation Truncation Factor = 0.000000
 Maximum Row Sum Threshold for Dependency Weakening = 0.900000

 Coarsening Type = HMIS 

 No. of levels of aggressive coarsening: 1

 Interpolation on agg. levels= multipass interpolation
 measures are determined locally


 No global partition option chosen.

 Interpolation = extended+i interpolation

Operator Matrix Information:

             nonzero            entries/row          row sums
lev    rows  entries sparse   min  max     avg      min         max
======================================================================
  0 1260403 35115871  0.000    10  147    27.9  -2.081e-02   1.000e+00
  1   42810  1493358  0.001     7   87    34.9  -1.029e-02   1.834e-01
  2    9283   599601  0.007    14  141    64.6  -1.259e-04   2.063e-01
  3    1287    90115  0.054    20  185    70.0  -2.977e-08   5.570e-01
  4     180     9918  0.306    11  111    55.1   2.211e-03   1.714e+00
  5      22      450  0.930    15   22    20.5   1.401e-01   4.102e+00
  6       4       16  1.000     4    4     4.0   2.899e-01   1.138e+00


Interpolation Matrix Information:
                        entries/row        min        max            row sums
lev    rows x cols    min  max  avgW     weight      weight       min         max
====================================================================================
  0 1260403 x 42810     0   12   1.7   1.335e-03   1.250e+00   0.000e+00   1.250e+00
  1   42810 x 9283      1    4   4.0  -8.445e-02   1.000e+00   4.303e-01   1.017e+00
  2    9283 x 1287      1    4   4.0   8.506e-03   1.000e+00   3.437e-01   1.001e+00
  3    1287 x 180       1    4   4.0   8.440e-03   6.352e-01   1.872e-01   1.000e+00
  4     180 x 22        0    4   3.8  -2.719e-01   5.373e-01   0.000e+00   1.000e+00
  5      22 x 4         0    3   0.8   1.293e-02   8.697e-02   0.000e+00   1.000e+00


     Complexity:    grid = 1.042515
                operator = 1.062463
                memory = 1.126458




BoomerAMG SOLVER PARAMETERS:

  Maximum number of cycles:         1 
  Stopping Tolerance:               0.000000e+00 
  Cycle type (1 = V, 2 = W, etc.):  1

  Relaxation Parameters:
   Visiting Grid:                     down   up  coarse
            Number of sweeps:            1    1     1 
   Type 0=Jac, 3=hGS, 6=hSGS, 9=GE:      8    8     9 
   Point types, partial sweeps (1=C, -1=F):
                  Pre-CG relaxation (down):   0
                   Post-CG relaxation (up):   0
                             Coarsest grid:   0

   Iteration :   0  (B r, r) = 0.0378311
   Iteration :   1  (B r, r) = 0.0184144
   Iteration :   2  (B r, r) = 0.00141948
   Iteration :   3  (B r, r) = 0.000197519
   Iteration :   4  (B r, r) = 3.64482e-05
   Iteration :   5  (B r, r) = 7.1046e-06
   Iteration :   6  (B r, r) = 1.69359e-06
   Iteration :   7  (B r, r) = 5.21321e-07
   Iteration :   8  (B r, r) = 1.64563e-07
   Iteration :   9  (B r, r) = 4.55061e-08
   Iteration :  10  (B r, r) = 1.26842e-08
   Iteration :  11  (B r, r) = 3.67642e-09
   Iteration :  12  (B r, r) = 9.936e-10
   Iteration :  13  (B r, r) = 2.51475e-10
   Iteration :  14  (B r, r) = 6.69362e-11
   Iteration :  15  (B r, r) = 1.92303e-11
   Iteration :  16  (B r, r) = 5.63094e-12
   Iteration :  17  (B r, r) = 1.56113e-12
   Iteration :  18  (B r, r) = 4.02616e-13
   Iteration :  19  (B r, r) = 1.00921e-13
   Iteration :  20  (B r, r) = 2.61256e-14
   Iteration :  21  (B r, r) = 6.99105e-15
   Iteration :  22  (B r, r) = 1.81491e-15
   Iteration :  23  (B r, r) = 4.74308e-16
   Iteration :  24  (B r, r) = 1.25707e-16
   Iteration :  25  (B r, r) = 3.209e-17
   Iteration :  26  (B r, r) = 7.85265e-18
   Iteration :  27  (B r, r) = 1.92523e-18
   Iteration :  28  (B r, r) = 4.98062e-19
   Iteration :  29  (B r, r) = 1.44254e-19
   Iteration :  30  (B r, r) = 4.36217e-20
   Iteration :  31  (B r, r) = 1.24874e-20
   Iteration :  32  (B r, r) = 3.32537e-21
   Iteration :  33  (B r, r) = 8.47731e-22
   Iteration :  34  (B r, r) = 2.11602e-22
   Iteration :  35  (B r, r) = 5.3847e-23
   Iteration :  36  (B r, r) = 1.51371e-23
   Iteration :  37  (B r, r) = 4.53153e-24
   Iteration :  38  (B r, r) = 1.24725e-24
   Iteration :  39  (B r, r) = 3.07482e-25
   Iteration :  40  (B r, r) = 7.4545e-26
   Iteration :  41  (B r, r) = 1.96576e-26
Average reduction factor = 0.50565
