Options used:
   --mesh ./data/part.msh
   --order 2
   --refine-parallel 1
   --name Rapport/Heatsim_2_1
   --processeurs 2
Number of Elements before refinement: 14008
Number of Elements after refinement: 56160
Number of finite element unknowns: 165633


 Num MPI tasks = 2

 Num OpenMP threads = 1


BoomerAMG SETUP PARAMETERS:

 Max levels = 25
 Num levels = 6

 Strength Threshold = 0.250000
 Interpolation Truncation Factor = 0.000000
 Maximum Row Sum Threshold for Dependency Weakening = 0.900000

 Coarsening Type = HMIS 

 No. of levels of aggressive coarsening: 1

 Interpolation on agg. levels= multipass interpolation
 measures are determined locally


 No global partition option chosen.

 Interpolation = extended+i interpolation

Operator Matrix Information:

             nonzero            entries/row          row sums
lev    rows  entries sparse   min  max     avg      min         max
======================================================================
  0  165633  4482987  0.000    10  147    27.1  -4.162e-02   1.000e+00
  1    5425   168653  0.006     7   65    31.1  -1.147e-02   2.474e-01
  2    1216    65248  0.044    13  119    53.7  -7.464e-05   4.241e-01
  3     190    10146  0.281    21  106    53.4   7.926e-07   9.248e-01
  4      34      970  0.839    13   34    28.5   1.666e-01   4.199e+00
  5       3        9  1.000     3    3     3.0   5.709e-01   5.282e+00


Interpolation Matrix Information:
                      entries/row        min        max            row sums
lev   rows x cols   min  max  avgW     weight      weight       min         max
==================================================================================
  0 165633 x 5425     0   12   1.5   1.549e-03   1.255e+00   0.000e+00   1.255e+00
  1   5425 x 1216     1    4   3.9   1.435e-02   1.000e+00   5.100e-01   1.025e+00
  2   1216 x 190      1    4   3.9   9.246e-03   9.016e-01   2.885e-01   1.000e+00
  3    190 x 34       1    4   4.0   5.481e-03   7.683e-01   1.520e-01   1.000e+00
  4     34 x 3        0    3   1.7  -1.500e-02   2.313e-01   0.000e+00   1.000e+00


     Complexity:    grid = 1.041465
                operator = 1.054657
                memory = 1.114127




BoomerAMG SOLVER PARAMETERS:

  Maximum number of cycles:         1 
  Stopping Tolerance:               0.000000e+00 
  Cycle type (1 = V, 2 = W, etc.):  1

  Relaxation Parameters:
   Visiting Grid:                     down   up  coarse
            Number of sweeps:            1    1     1 
   Type 0=Jac, 3=hGS, 6=hSGS, 9=GE:      8    8     9 
   Point types, partial sweeps (1=C, -1=F):
                  Pre-CG relaxation (down):   0
                   Post-CG relaxation (up):   0
                             Coarsest grid:   0

   Iteration :   0  (B r, r) = 0.0453353
   Iteration :   1  (B r, r) = 0.0189599
   Iteration :   2  (B r, r) = 0.00158191
   Iteration :   3  (B r, r) = 0.00018794
   Iteration :   4  (B r, r) = 2.54634e-05
   Iteration :   5  (B r, r) = 3.26509e-06
   Iteration :   6  (B r, r) = 4.76423e-07
   Iteration :   7  (B r, r) = 7.36648e-08
   Iteration :   8  (B r, r) = 1.30471e-08
   Iteration :   9  (B r, r) = 2.41838e-09
   Iteration :  10  (B r, r) = 4.48067e-10
   Iteration :  11  (B r, r) = 7.69843e-11
   Iteration :  12  (B r, r) = 1.33057e-11
   Iteration :  13  (B r, r) = 2.32942e-12
   Iteration :  14  (B r, r) = 4.53629e-13
   Iteration :  15  (B r, r) = 8.84204e-14
   Iteration :  16  (B r, r) = 1.61414e-14
   Iteration :  17  (B r, r) = 2.83087e-15
   Iteration :  18  (B r, r) = 4.55447e-16
   Iteration :  19  (B r, r) = 6.70164e-17
   Iteration :  20  (B r, r) = 1.00257e-17
   Iteration :  21  (B r, r) = 1.41328e-18
   Iteration :  22  (B r, r) = 1.9399e-19
   Iteration :  23  (B r, r) = 3.01675e-20
   Iteration :  24  (B r, r) = 5.47827e-21
   Iteration :  25  (B r, r) = 1.11619e-21
   Iteration :  26  (B r, r) = 2.20938e-22
   Iteration :  27  (B r, r) = 3.88375e-23
   Iteration :  28  (B r, r) = 6.49845e-24
   Iteration :  29  (B r, r) = 1.11403e-24
   Iteration :  30  (B r, r) = 1.9285e-25
   Iteration :  31  (B r, r) = 3.03736e-26
Average reduction factor = 0.407472
